<?xml version="1.0" encoding="UTF-8"?>
<!-- Generated by org.testng.reporters.JUnitXMLReporter -->
<testsuite hostname="VBCDA-012" name="Vérification Connection EP" tests="0" failures="0" timestamp="20 Aug 2020 16:26:38 GMT" time="0.16" errors="0">
  <testcase name="@BeforeClass setUpClass" time="0.0" classname="TestRunner.Runner">
    <failure type="io.cucumber.tagexpressions.TagExpressionException" message="Syntax error. Expected operator">
      <![CDATA[io.cucumber.tagexpressions.TagExpressionException: Syntax error. Expected operator
	at io.cucumber.tagexpressions.TagExpressionParser.check(TagExpressionParser.java:127)
	at io.cucumber.tagexpressions.TagExpressionParser.parse(TagExpressionParser.java:65)
	at io.cucumber.core.filter.TagPredicate.<init>(TagPredicate.java:28)
	at io.cucumber.core.filter.Filters.<init>(Filters.java:19)
	at io.cucumber.testng.TestNGCucumberRunner.<init>(TestNGCucumberRunner.java:101)
	at io.cucumber.testng.AbstractTestNGCucumberTests.setUpClass(AbstractTestNGCucumberTests.java:22)
	at java.util.concurrent.FutureTask.run(FutureTask.java:266)
	at java.util.concurrent.ThreadPoolExecutor.runWorker(ThreadPoolExecutor.java:1149)
	at java.util.concurrent.ThreadPoolExecutor$Worker.run(ThreadPoolExecutor.java:624)
	at java.lang.Thread.run(Thread.java:748)
... Removed 16 stack frames]]>
    </failure>
  </testcase> <!-- @BeforeClass setUpClass -->
</testsuite> <!-- Vérification Connection EP -->
