<?xml version="1.0" encoding="UTF-8"?>
<testng-results skipped="0" failed="0" total="1" passed="1">
  <reporter-output>
  </reporter-output>
  <suite name="Default suite" duration-ms="27001" started-at="2020-06-08T08:13:35Z" finished-at="2020-06-08T08:14:02Z">
    <groups>
    </groups>
    <test name="Default test" duration-ms="27001" started-at="2020-06-08T08:13:35Z" finished-at="2020-06-08T08:14:02Z">
      <class name="testThreadNG.Test_Parallel">
        <test-method status="PASS" signature="executSessionOne()[pri:0, instance:testThreadNG.Test_Parallel@48eff760]" name="executSessionOne" duration-ms="26978" started-at="2020-06-08T11:13:35Z" finished-at="2020-06-08T11:14:02Z">
          <reporter-output>
          </reporter-output>
        </test-method> <!-- executSessionOne -->
      </class> <!-- testThreadNG.Test_Parallel -->
    </test> <!-- Default test -->
  </suite> <!-- Default suite -->
</testng-results>
