<?xml version="1.0" encoding="UTF-8"?>
<testng-results skipped="0" failed="0" total="0" passed="0">
  <reporter-output>
  </reporter-output>
  <suite name="TestSuite" duration-ms="132" started-at="2020-08-20T08:51:18Z" finished-at="2020-08-20T08:51:18Z">
    <groups>
      <group name="cucumber">
        <method signature="AbstractTestNGCucumberTests.runScenario(io.cucumber.testng.PickleWrapper, io.cucumber.testng.FeatureWrapper)[pri:0, instance:TestRunner.RunParallel@5ca609]" name="runScenario" class="io.cucumber.testng.AbstractTestNGCucumberTests"/>
      </group> <!-- cucumber -->
    </groups>
    <test name="Test" duration-ms="132" started-at="2020-08-20T08:51:18Z" finished-at="2020-08-20T08:51:18Z">
      <class name="TestRunner.RunParallel">
        <test-method status="FAIL" signature="setUpClass()[pri:0, instance:TestRunner.RunParallel@5ca609]" name="setUpClass" is-config="true" duration-ms="0" started-at="2020-08-20T11:51:18Z" finished-at="2020-08-20T11:51:18Z">
          <exception class="java.lang.NoSuchMethodError">
            <message>
              <![CDATA[io.cucumber.core.options.RuntimeOptionsBuilder.enablePublishPlugin()Lio/cucumber/core/options/RuntimeOptionsBuilder;]]>
            </message>
            <full-stacktrace>
              <![CDATA[java.lang.NoSuchMethodError: io.cucumber.core.options.RuntimeOptionsBuilder.enablePublishPlugin()Lio/cucumber/core/options/RuntimeOptionsBuilder;
	at io.cucumber.testng.TestNGCucumberRunner.<init>(TestNGCucumberRunner.java:82)
	at io.cucumber.testng.AbstractTestNGCucumberTests.setUpClass(AbstractTestNGCucumberTests.java:23)
	at sun.reflect.NativeMethodAccessorImpl.invoke0(Native Method)
	at sun.reflect.NativeMethodAccessorImpl.invoke(NativeMethodAccessorImpl.java:62)
	at sun.reflect.DelegatingMethodAccessorImpl.invoke(DelegatingMethodAccessorImpl.java:43)
	at java.lang.reflect.Method.invoke(Method.java:498)
	at org.testng.internal.MethodInvocationHelper.invokeMethod(MethodInvocationHelper.java:84)
	at org.testng.internal.Invoker.invokeConfigurationMethod(Invoker.java:564)
	at org.testng.internal.Invoker.invokeConfigurations(Invoker.java:213)
	at org.testng.internal.Invoker.invokeConfigurations(Invoker.java:138)
	at org.testng.internal.TestMethodWorker.invokeBeforeClassMethods(TestMethodWorker.java:175)
	at org.testng.internal.TestMethodWorker.run(TestMethodWorker.java:107)
	at org.testng.TestRunner.privateRun(TestRunner.java:767)
	at org.testng.TestRunner.run(TestRunner.java:617)
	at org.testng.SuiteRunner.runTest(SuiteRunner.java:348)
	at org.testng.SuiteRunner.access$000(SuiteRunner.java:38)
	at org.testng.SuiteRunner$SuiteWorker.run(SuiteRunner.java:382)
	at org.testng.internal.thread.ThreadUtil$2.call(ThreadUtil.java:64)
	at java.util.concurrent.FutureTask.run(FutureTask.java:266)
	at java.util.concurrent.ThreadPoolExecutor.runWorker(ThreadPoolExecutor.java:1149)
	at java.util.concurrent.ThreadPoolExecutor$Worker.run(ThreadPoolExecutor.java:624)
	at java.lang.Thread.run(Thread.java:748)
]]>
            </full-stacktrace>
          </exception> <!-- java.lang.NoSuchMethodError -->
          <reporter-output>
          </reporter-output>
        </test-method> <!-- setUpClass -->
        <test-method status="PASS" signature="tearDownClass()[pri:0, instance:TestRunner.RunParallel@5ca609]" name="tearDownClass" is-config="true" duration-ms="0" started-at="2020-08-20T11:51:18Z" finished-at="2020-08-20T11:51:18Z">
          <reporter-output>
          </reporter-output>
        </test-method> <!-- tearDownClass -->
      </class> <!-- TestRunner.RunParallel -->
    </test> <!-- Test -->
  </suite> <!-- TestSuite -->
</testng-results>
