<?xml version="1.0" encoding="UTF-8"?>
<!-- Generated by org.testng.reporters.JUnitXMLReporter -->
<testsuite hostname="VBCDA-012" name="Default test" tests="7" failures="0" timestamp="22 Jul 2020 07:32:25 GMT" time="36.239" errors="0">
  <testcase name="cliquer_sur_le_bouton_se_connecter_du_header" time="0.613" classname="com.Test.Verification_Page_de_connexion_EP"/>
  <testcase name="cliquer_sur_onglet_se_connecter" time="1.661" classname="com.Test.Verification_Page_de_connexion_EP"/>
  <testcase name="verifier_presence_onglet_creer_un_compte" time="0.026" classname="com.Test.Verification_Page_de_connexion_EP"/>
  <testcase name="verifier_presence_onglet_se_connecter" time="0.02" classname="com.Test.Verification_Page_de_connexion_EP"/>
  <testcase name="verifier_presence_bouton_facebook" time="0.028" classname="com.Test.Verification_Page_de_connexion_EP"/>
  <testcase name="verifier_presence_bouton_google" time="0.028" classname="com.Test.Verification_Page_de_connexion_EP"/>
  <testcase name="verifier_presence_champ_email" time="0.001" classname="com.Test.Verification_Page_de_connexion_EP"/>
</testsuite> <!-- Default test -->
