<?xml version="1.0" encoding="UTF-8"?>
<testng-results skipped="0" failed="0" total="10" passed="10">
  <reporter-output>
  </reporter-output>
  <suite name="Suite" duration-ms="4112" started-at="2020-08-27T08:54:05Z" finished-at="2020-08-27T08:54:10Z">
    <groups>
      <group name="cucumber">
        <method signature="AbstractTestNGCucumberTests.runScenario(io.cucumber.testng.PickleWrapper, io.cucumber.testng.FeatureWrapper)[pri:0, instance:TestRunner.RunParallel@598067a5]" name="runScenario" class="io.cucumber.testng.AbstractTestNGCucumberTests"/>
      </group> <!-- cucumber -->
    </groups>
    <test name="Test" duration-ms="4112" started-at="2020-08-27T08:54:05Z" finished-at="2020-08-27T08:54:10Z">
      <class name="TestRunner.RunParallel">
        <test-method status="PASS" signature="setUpClass()[pri:0, instance:TestRunner.RunParallel@598067a5]" name="setUpClass" is-config="true" duration-ms="420" started-at="2020-08-27T11:54:05Z" finished-at="2020-08-27T11:54:06Z">
          <reporter-output>
          </reporter-output>
        </test-method> <!-- setUpClass -->
        <test-method status="PASS" signature="runScenario(io.cucumber.testng.PickleWrapper, io.cucumber.testng.FeatureWrapper)[pri:0, instance:TestRunner.RunParallel@598067a5]" name="runScenario" duration-ms="3300" started-at="2020-08-27T11:54:06Z" description="Runs Cucumber Scenarios" data-provider="scenarios" finished-at="2020-08-27T11:54:09Z">
          <params>
            <param index="0">
              <value>
                <![CDATA["Number One"]]>
              </value>
            </param>
            <param index="1">
              <value>
                <![CDATA["ScenariosExample Example Feature File"]]>
              </value>
            </param>
          </params>
          <reporter-output>
          </reporter-output>
        </test-method> <!-- runScenario -->
        <test-method status="PASS" signature="runScenario(io.cucumber.testng.PickleWrapper, io.cucumber.testng.FeatureWrapper)[pri:0, instance:TestRunner.RunParallel@598067a5]" name="runScenario" duration-ms="3300" started-at="2020-08-27T11:54:06Z" description="Runs Cucumber Scenarios" data-provider="scenarios" finished-at="2020-08-27T11:54:09Z">
          <params>
            <param index="0">
              <value>
                <![CDATA["Number Two"]]>
              </value>
            </param>
            <param index="1">
              <value>
                <![CDATA["ScenariosExample Example Feature File"]]>
              </value>
            </param>
          </params>
          <reporter-output>
          </reporter-output>
        </test-method> <!-- runScenario -->
        <test-method status="PASS" signature="runScenario(io.cucumber.testng.PickleWrapper, io.cucumber.testng.FeatureWrapper)[pri:0, instance:TestRunner.RunParallel@598067a5]" name="runScenario" duration-ms="3260" started-at="2020-08-27T11:54:06Z" description="Runs Cucumber Scenarios" data-provider="scenarios" finished-at="2020-08-27T11:54:09Z">
          <params>
            <param index="0">
              <value>
                <![CDATA["Number Seven"]]>
              </value>
            </param>
            <param index="1">
              <value>
                <![CDATA["ScenariosExample Example Feature File"]]>
              </value>
            </param>
          </params>
          <reporter-output>
          </reporter-output>
        </test-method> <!-- runScenario -->
        <test-method status="PASS" signature="runScenario(io.cucumber.testng.PickleWrapper, io.cucumber.testng.FeatureWrapper)[pri:0, instance:TestRunner.RunParallel@598067a5]" name="runScenario" duration-ms="3260" started-at="2020-08-27T11:54:06Z" description="Runs Cucumber Scenarios" data-provider="scenarios" finished-at="2020-08-27T11:54:09Z">
          <params>
            <param index="0">
              <value>
                <![CDATA["Number Four"]]>
              </value>
            </param>
            <param index="1">
              <value>
                <![CDATA["ScenariosExample Example Feature File"]]>
              </value>
            </param>
          </params>
          <reporter-output>
          </reporter-output>
        </test-method> <!-- runScenario -->
        <test-method status="PASS" signature="runScenario(io.cucumber.testng.PickleWrapper, io.cucumber.testng.FeatureWrapper)[pri:0, instance:TestRunner.RunParallel@598067a5]" name="runScenario" duration-ms="3260" started-at="2020-08-27T11:54:06Z" description="Runs Cucumber Scenarios" data-provider="scenarios" finished-at="2020-08-27T11:54:09Z">
          <params>
            <param index="0">
              <value>
                <![CDATA["Number Five"]]>
              </value>
            </param>
            <param index="1">
              <value>
                <![CDATA["ScenariosExample Example Feature File"]]>
              </value>
            </param>
          </params>
          <reporter-output>
          </reporter-output>
        </test-method> <!-- runScenario -->
        <test-method status="PASS" signature="runScenario(io.cucumber.testng.PickleWrapper, io.cucumber.testng.FeatureWrapper)[pri:0, instance:TestRunner.RunParallel@598067a5]" name="runScenario" duration-ms="3260" started-at="2020-08-27T11:54:06Z" description="Runs Cucumber Scenarios" data-provider="scenarios" finished-at="2020-08-27T11:54:09Z">
          <params>
            <param index="0">
              <value>
                <![CDATA["Number Three"]]>
              </value>
            </param>
            <param index="1">
              <value>
                <![CDATA["ScenariosExample Example Feature File"]]>
              </value>
            </param>
          </params>
          <reporter-output>
          </reporter-output>
        </test-method> <!-- runScenario -->
        <test-method status="PASS" signature="runScenario(io.cucumber.testng.PickleWrapper, io.cucumber.testng.FeatureWrapper)[pri:0, instance:TestRunner.RunParallel@598067a5]" name="runScenario" duration-ms="3250" started-at="2020-08-27T11:54:06Z" description="Runs Cucumber Scenarios" data-provider="scenarios" finished-at="2020-08-27T11:54:09Z">
          <params>
            <param index="0">
              <value>
                <![CDATA["Number Ten"]]>
              </value>
            </param>
            <param index="1">
              <value>
                <![CDATA["ScenariosExample Example Feature File"]]>
              </value>
            </param>
          </params>
          <reporter-output>
          </reporter-output>
        </test-method> <!-- runScenario -->
        <test-method status="PASS" signature="runScenario(io.cucumber.testng.PickleWrapper, io.cucumber.testng.FeatureWrapper)[pri:0, instance:TestRunner.RunParallel@598067a5]" name="runScenario" duration-ms="3250" started-at="2020-08-27T11:54:06Z" description="Runs Cucumber Scenarios" data-provider="scenarios" finished-at="2020-08-27T11:54:09Z">
          <params>
            <param index="0">
              <value>
                <![CDATA["Number Six"]]>
              </value>
            </param>
            <param index="1">
              <value>
                <![CDATA["ScenariosExample Example Feature File"]]>
              </value>
            </param>
          </params>
          <reporter-output>
          </reporter-output>
        </test-method> <!-- runScenario -->
        <test-method status="PASS" signature="runScenario(io.cucumber.testng.PickleWrapper, io.cucumber.testng.FeatureWrapper)[pri:0, instance:TestRunner.RunParallel@598067a5]" name="runScenario" duration-ms="3250" started-at="2020-08-27T11:54:06Z" description="Runs Cucumber Scenarios" data-provider="scenarios" finished-at="2020-08-27T11:54:09Z">
          <params>
            <param index="0">
              <value>
                <![CDATA["Number Eight"]]>
              </value>
            </param>
            <param index="1">
              <value>
                <![CDATA["ScenariosExample Example Feature File"]]>
              </value>
            </param>
          </params>
          <reporter-output>
          </reporter-output>
        </test-method> <!-- runScenario -->
        <test-method status="PASS" signature="runScenario(io.cucumber.testng.PickleWrapper, io.cucumber.testng.FeatureWrapper)[pri:0, instance:TestRunner.RunParallel@598067a5]" name="runScenario" duration-ms="3250" started-at="2020-08-27T11:54:06Z" description="Runs Cucumber Scenarios" data-provider="scenarios" finished-at="2020-08-27T11:54:09Z">
          <params>
            <param index="0">
              <value>
                <![CDATA["Number Nine"]]>
              </value>
            </param>
            <param index="1">
              <value>
                <![CDATA["ScenariosExample Example Feature File"]]>
              </value>
            </param>
          </params>
          <reporter-output>
          </reporter-output>
        </test-method> <!-- runScenario -->
        <test-method status="PASS" signature="tearDownClass()[pri:0, instance:TestRunner.RunParallel@598067a5]" name="tearDownClass" is-config="true" duration-ms="121" started-at="2020-08-27T11:54:09Z" finished-at="2020-08-27T11:54:10Z">
          <reporter-output>
          </reporter-output>
        </test-method> <!-- tearDownClass -->
      </class> <!-- TestRunner.RunParallel -->
    </test> <!-- Test -->
  </suite> <!-- Suite -->
</testng-results>
