<?xml version="1.0" encoding="UTF-8"?>
<testng-results skipped="0" failed="0" total="1" passed="1">
  <reporter-output>
  </reporter-output>
  <suite name="Suite" duration-ms="10592" started-at="2020-08-24T08:29:11Z" finished-at="2020-08-24T08:29:22Z">
    <groups>
    </groups>
    <test name="Test" duration-ms="10592" started-at="2020-08-24T08:29:11Z" finished-at="2020-08-24T08:29:22Z">
      <class name="demo.Demo1_test">
        <test-method status="PASS" signature="getWeatherDetails()[pri:0, instance:demo.Demo1_test@1ee9faa]" name="getWeatherDetails" duration-ms="10582" started-at="2020-08-24T11:29:11Z" finished-at="2020-08-24T11:29:22Z">
          <reporter-output>
          </reporter-output>
        </test-method> <!-- getWeatherDetails -->
      </class> <!-- demo.Demo1_test -->
    </test> <!-- Test -->
  </suite> <!-- Suite -->
</testng-results>
