<?xml version="1.0" encoding="UTF-8"?>
<testng-results skipped="0" failed="0" total="4" passed="4">
  <reporter-output>
  </reporter-output>
  <suite name="TestSuite" duration-ms="110812" started-at="2020-08-24T08:14:24Z" finished-at="2020-08-24T08:16:15Z">
    <groups>
    </groups>
    <test name="ChromeTest" duration-ms="103703" started-at="2020-08-24T08:14:24Z" finished-at="2020-08-24T08:16:07Z">
      <class name="testngpackage.Test_1">
        <test-method status="PASS" signature="setup(java.lang.String)[pri:0, instance:testngpackage.Test_1@20e2cbe0]" name="setup" is-config="true" duration-ms="16682" started-at="2020-08-24T11:14:24Z" finished-at="2020-08-24T11:14:40Z">
          <params>
            <param index="0">
              <value>
                <![CDATA[Chrome]]>
              </value>
            </param>
          </params>
          <reporter-output>
          </reporter-output>
        </test-method> <!-- setup -->
        <test-method status="PASS" signature="setup(java.lang.String)[pri:0, instance:testThreadNG.Test_Parallel@68be2bc2]" name="setup" is-config="true" duration-ms="4202" started-at="2020-08-24T11:14:40Z" finished-at="2020-08-24T11:14:45Z">
          <params>
            <param index="0">
              <value>
                <![CDATA[Chrome]]>
              </value>
            </param>
          </params>
          <reporter-output>
          </reporter-output>
        </test-method> <!-- setup -->
        <test-method status="PASS" signature="executSessionOne()[pri:0, instance:testngpackage.Test_1@20e2cbe0]" name="executSessionOne" duration-ms="37003" started-at="2020-08-24T11:14:45Z" finished-at="2020-08-24T11:15:22Z">
          <reporter-output>
          </reporter-output>
        </test-method> <!-- executSessionOne -->
      </class> <!-- testngpackage.Test_1 -->
      <class name="testThreadNG.Test_Parallel">
        <test-method status="PASS" signature="executSessionOne()[pri:0, instance:testThreadNG.Test_Parallel@68be2bc2]" name="executSessionOne" duration-ms="45788" started-at="2020-08-24T11:15:22Z" finished-at="2020-08-24T11:16:07Z">
          <reporter-output>
          </reporter-output>
        </test-method> <!-- executSessionOne -->
      </class> <!-- testThreadNG.Test_Parallel -->
    </test> <!-- ChromeTest -->
    <test name="Firefox" duration-ms="110812" started-at="2020-08-24T08:14:24Z" finished-at="2020-08-24T08:16:15Z">
      <class name="testngpackage.Test_1">
        <test-method status="PASS" signature="setup(java.lang.String)[pri:0, instance:testngpackage.Test_1@5dfcfece]" name="setup" is-config="true" duration-ms="13476" started-at="2020-08-24T11:14:24Z" finished-at="2020-08-24T11:14:37Z">
          <params>
            <param index="0">
              <value>
                <![CDATA[Firefox]]>
              </value>
            </param>
          </params>
          <reporter-output>
          </reporter-output>
        </test-method> <!-- setup -->
        <test-method status="PASS" signature="setup(java.lang.String)[pri:0, instance:testThreadNG.Test_Parallel@23ceabc1]" name="setup" is-config="true" duration-ms="9809" started-at="2020-08-24T11:14:37Z" finished-at="2020-08-24T11:14:47Z">
          <params>
            <param index="0">
              <value>
                <![CDATA[Firefox]]>
              </value>
            </param>
          </params>
          <reporter-output>
          </reporter-output>
        </test-method> <!-- setup -->
        <test-method status="PASS" signature="executSessionOne()[pri:0, instance:testngpackage.Test_1@5dfcfece]" name="executSessionOne" duration-ms="49026" started-at="2020-08-24T11:14:47Z" finished-at="2020-08-24T11:15:36Z">
          <reporter-output>
          </reporter-output>
        </test-method> <!-- executSessionOne -->
      </class> <!-- testngpackage.Test_1 -->
      <class name="testThreadNG.Test_Parallel">
        <test-method status="PASS" signature="executSessionOne()[pri:0, instance:testThreadNG.Test_Parallel@23ceabc1]" name="executSessionOne" duration-ms="38487" started-at="2020-08-24T11:15:36Z" finished-at="2020-08-24T11:16:15Z">
          <reporter-output>
          </reporter-output>
        </test-method> <!-- executSessionOne -->
      </class> <!-- testThreadNG.Test_Parallel -->
    </test> <!-- Firefox -->
  </suite> <!-- TestSuite -->
</testng-results>
