<?xml version="1.0" encoding="UTF-8"?>
<!-- Generated by org.testng.reporters.JUnitXMLReporter -->
<testsuite hostname="VBCDA-012" name="Test" tests="10" failures="0" timestamp="27 Aug 2020 08:54:10 GMT" time="4.112" errors="0">
  <testcase name="runScenario" time="3.3" classname="TestRunner.RunParallel"/>
  <testcase name="runScenario" time="3.3" classname="TestRunner.RunParallel"/>
  <testcase name="runScenario" time="3.25" classname="TestRunner.RunParallel"/>
  <testcase name="runScenario" time="3.25" classname="TestRunner.RunParallel"/>
  <testcase name="runScenario" time="3.25" classname="TestRunner.RunParallel"/>
  <testcase name="runScenario" time="3.26" classname="TestRunner.RunParallel"/>
  <testcase name="runScenario" time="3.26" classname="TestRunner.RunParallel"/>
  <testcase name="runScenario" time="3.26" classname="TestRunner.RunParallel"/>
  <testcase name="runScenario" time="3.25" classname="TestRunner.RunParallel"/>
  <testcase name="runScenario" time="3.26" classname="TestRunner.RunParallel"/>
</testsuite> <!-- Test -->
