<?xml version="1.0" encoding="UTF-8"?>
<!-- Generated by org.testng.reporters.JUnitXMLReporter -->
<testsuite hostname="VBCDA-012" name="Test" tests="0" failures="0" timestamp="20 Aug 2020 08:51:18 GMT" time="0.132" errors="0">
  <testcase name="@BeforeClass setUpClass" time="0.0" classname="TestRunner.RunParallel">
    <failure type="java.lang.NoSuchMethodError" message="io.cucumber.core.options.RuntimeOptionsBuilder.enablePublishPlugin()Lio/cucumber/core/options/RuntimeOptionsBuilder;">
      <![CDATA[java.lang.NoSuchMethodError: io.cucumber.core.options.RuntimeOptionsBuilder.enablePublishPlugin()Lio/cucumber/core/options/RuntimeOptionsBuilder;
	at io.cucumber.testng.TestNGCucumberRunner.<init>(TestNGCucumberRunner.java:82)
	at io.cucumber.testng.AbstractTestNGCucumberTests.setUpClass(AbstractTestNGCucumberTests.java:23)
	at java.util.concurrent.FutureTask.run(FutureTask.java:266)
	at java.util.concurrent.ThreadPoolExecutor.runWorker(ThreadPoolExecutor.java:1149)
	at java.util.concurrent.ThreadPoolExecutor$Worker.run(ThreadPoolExecutor.java:624)
	at java.lang.Thread.run(Thread.java:748)
... Removed 16 stack frames]]>
    </failure>
  </testcase> <!-- @BeforeClass setUpClass -->
</testsuite> <!-- Test -->
